<?xml version="1.0" encoding="UTF-8"?>
<testsuite xmlns:xsi="http://www.w3.org/2001/XMLSchema-instance" xsi:noNamespaceSchemaLocation="https://maven.apache.org/surefire/maven-surefire-plugin/xsd/surefire-test-report.xsd" name="TestSuite" time="2.687" tests="2" errors="0" skipped="0" failures="1">
  <properties>
[...]
</properties>
  <testcase name="invalidLogin" classname="com.swtestacademy.TestNGProject" time="0.018">
    <failure message="did not expect to find [true] but found [false]" type="java.lang.AssertionError">java.lang.AssertionError: did not expect to find [true] but found [false]
	at com.swtestacademy.TestNGProject.invalidLogin(TestNGProject.java:59)
</failure>
    <system-out><![CDATA[4016
]]></system-out>
  </testcase>
  <testcase name="validLogin" classname="com.swtestacademy.TestNGProject" time="0"/>
</testsuite>